<?xml version="1.0" encoding="UTF-8"?>
<testsuite xmlns:xsi="http://www.w3.org/2001/XMLSchema-instance" xsi:noNamespaceSchemaLocation="https://maven.apache.org/surefire/maven-surefire-plugin/xsd/surefire-test-report.xsd" name="com.zlx.gradthesis.demo.Service.ProductServiceTest" time="0.045" tests="5" errors="0" skipped="0" failures="0">
  <properties>
[...]
</properties>
  <testcase name="selectProductById" classname="com.zlx.gradthesis.demo.Service.ProductServiceTest" time="0"/>
  <testcase name="getRecommendProductsByCategory" classname="com.zlx.gradthesis.demo.Service.ProductServiceTest" time="0"/>
  <testcase name="getRecommendProducts" classname="com.zlx.gradthesis.demo.Service.ProductServiceTest" time="0"/>
  <testcase name="selectProductByName" classname="com.zlx.gradthesis.demo.Service.ProductServiceTest" time="0.036"/>
  <testcase name="getAllProductsByCategory" classname="com.zlx.gradthesis.demo.Service.ProductServiceTest" time="0.005"/>
</testsuite>